Determining if the pthread_create exist failed with the following output:
Change Dir: /home/alright/dev/c++/study_c/cmake-build-debug/CMakeFiles/CMakeTmp

Run Build Command:"/usr/bin/make" "cmTC_25a60/fast"
/usr/bin/make -f CMakeFiles/cmTC_25a60.dir/build.make CMakeFiles/cmTC_25a60.dir/build
make[1]: Entering directory '/home/alright/dev/c++/study_c/cmake-build-debug/CMakeFiles/CMakeTmp'
Building C object CMakeFiles/cmTC_25a60.dir/CheckSymbolExists.c.o
/usr/bin/cc    -o CMakeFiles/cmTC_25a60.dir/CheckSymbolExists.c.o   -c /home/alright/dev/c++/study_c/cmake-build-debug/CMakeFiles/CMakeTmp/CheckSymbolExists.c
Linking C executable cmTC_25a60
/home/alright/Downloads/clion-2017.3/bin/cmake/bin/cmake -E cmake_link_script CMakeFiles/cmTC_25a60.dir/link.txt --verbose=1
/usr/bin/cc      -rdynamic CMakeFiles/cmTC_25a60.dir/CheckSymbolExists.c.o  -o cmTC_25a60 
CMakeFiles/cmTC_25a60.dir/CheckSymbolExists.c.o: In function `main':
CheckSymbolExists.c:(.text+0x16): undefined reference to `pthread_create'
collect2: error: ld returned 1 exit status
CMakeFiles/cmTC_25a60.dir/build.make:97: recipe for target 'cmTC_25a60' failed
make[1]: *** [cmTC_25a60] Error 1
make[1]: Leaving directory '/home/alright/dev/c++/study_c/cmake-build-debug/CMakeFiles/CMakeTmp'
Makefile:126: recipe for target 'cmTC_25a60/fast' failed
make: *** [cmTC_25a60/fast] Error 2

File /home/alright/dev/c++/study_c/cmake-build-debug/CMakeFiles/CMakeTmp/CheckSymbolExists.c:
/* */
#include <pthread.h>

int main(int argc, char** argv)
{
  (void)argv;
#ifndef pthread_create
  return ((int*)(&pthread_create))[argc];
#else
  (void)argc;
  return 0;
#endif
}

